Apr 30 2022 16:54:34
{"type":8192,"message":"Optional parameter $perPage declared before required parameter $currentPage is implicitly treated as a required parameter","file":"C:\\xampp\\htdocs\\ggrc_website\\wp-content\\plugins\\wordpress-creation-kit-pro\\wordpress-creation-kit-api\\wck-stp\\stp-pagination-class.php","line":9}

Apr 30 2022 16:54:36
{"type":8192,"message":"Optional parameter $perPage declared before required parameter $currentPage is implicitly treated as a required parameter","file":"C:\\xampp\\htdocs\\ggrc_website\\wp-content\\plugins\\wordpress-creation-kit-pro\\wordpress-creation-kit-api\\wck-stp\\stp-pagination-class.php","line":9}

Apr 30 2022 16:54:38
{"type":8192,"message":"Optional parameter $perPage declared before required parameter $currentPage is implicitly treated as a required parameter","file":"C:\\xampp\\htdocs\\ggrc_website\\wp-content\\plugins\\wordpress-creation-kit-pro\\wordpress-creation-kit-api\\wck-stp\\stp-pagination-class.php","line":9}

Apr 30 2022 16:54:38
{"type":8192,"message":"Optional parameter $perPage declared before required parameter $currentPage is implicitly treated as a required parameter","file":"C:\\xampp\\htdocs\\ggrc_website\\wp-content\\plugins\\wordpress-creation-kit-pro\\wordpress-creation-kit-api\\wck-stp\\stp-pagination-class.php","line":9}

Apr 30 2022 16:54:40
{"type":8192,"message":"Optional parameter $perPage declared before required parameter $currentPage is implicitly treated as a required parameter","file":"C:\\xampp\\htdocs\\ggrc_website\\wp-content\\plugins\\wordpress-creation-kit-pro\\wordpress-creation-kit-api\\wck-stp\\stp-pagination-class.php","line":9}

Apr 30 2022 16:54:44
{"type":8192,"message":"Optional parameter $perPage declared before required parameter $currentPage is implicitly treated as a required parameter","file":"C:\\xampp\\htdocs\\ggrc_website\\wp-content\\plugins\\wordpress-creation-kit-pro\\wordpress-creation-kit-api\\wck-stp\\stp-pagination-class.php","line":9}

Apr 30 2022 16:54:54
{"Number":8192,"Message":"DateTime::__construct(): Passing null to parameter #1 ($datetime) of type string is deprecated","File":"C:\\xampp\\htdocs\\ggrc_website\\wp-content\\plugins\\wpforms-lite\\vendor\\woocommerce\\action-scheduler\\functions.php","Line":272}

Apr 30 2022 16:54:54
{"type":8192,"message":"Optional parameter $perPage declared before required parameter $currentPage is implicitly treated as a required parameter","file":"C:\\xampp\\htdocs\\ggrc_website\\wp-content\\plugins\\wordpress-creation-kit-pro\\wordpress-creation-kit-api\\wck-stp\\stp-pagination-class.php","line":9}

Apr 30 2022 16:54:55
{"type":8192,"message":"Optional parameter $perPage declared before required parameter $currentPage is implicitly treated as a required parameter","file":"C:\\xampp\\htdocs\\ggrc_website\\wp-content\\plugins\\wordpress-creation-kit-pro\\wordpress-creation-kit-api\\wck-stp\\stp-pagination-class.php","line":9}

Apr 30 2022 16:54:55
{"type":8192,"message":"Optional parameter $perPage declared before required parameter $currentPage is implicitly treated as a required parameter","file":"C:\\xampp\\htdocs\\ggrc_website\\wp-content\\plugins\\wordpress-creation-kit-pro\\wordpress-creation-kit-api\\wck-stp\\stp-pagination-class.php","line":9}

Apr 30 2022 16:54:57
{"type":8192,"message":"Optional parameter $perPage declared before required parameter $currentPage is implicitly treated as a required parameter","file":"C:\\xampp\\htdocs\\ggrc_website\\wp-content\\plugins\\wordpress-creation-kit-pro\\wordpress-creation-kit-api\\wck-stp\\stp-pagination-class.php","line":9}

Apr 30 2022 16:55:00
{"type":8192,"message":"Optional parameter $perPage declared before required parameter $currentPage is implicitly treated as a required parameter","file":"C:\\xampp\\htdocs\\ggrc_website\\wp-content\\plugins\\wordpress-creation-kit-pro\\wordpress-creation-kit-api\\wck-stp\\stp-pagination-class.php","line":9}

Apr 30 2022 16:55:07
{"type":8192,"message":"Optional parameter $perPage declared before required parameter $currentPage is implicitly treated as a required parameter","file":"C:\\xampp\\htdocs\\ggrc_website\\wp-content\\plugins\\wordpress-creation-kit-pro\\wordpress-creation-kit-api\\wck-stp\\stp-pagination-class.php","line":9}

Apr 30 2022 16:55:09
{"type":8192,"message":"Optional parameter $perPage declared before required parameter $currentPage is implicitly treated as a required parameter","file":"C:\\xampp\\htdocs\\ggrc_website\\wp-content\\plugins\\wordpress-creation-kit-pro\\wordpress-creation-kit-api\\wck-stp\\stp-pagination-class.php","line":9}

Apr 30 2022 16:55:12
{"type":8192,"message":"Optional parameter $perPage declared before required parameter $currentPage is implicitly treated as a required parameter","file":"C:\\xampp\\htdocs\\ggrc_website\\wp-content\\plugins\\wordpress-creation-kit-pro\\wordpress-creation-kit-api\\wck-stp\\stp-pagination-class.php","line":9}

Apr 30 2022 16:55:20
{"type":8192,"message":"Optional parameter $perPage declared before required parameter $currentPage is implicitly treated as a required parameter","file":"C:\\xampp\\htdocs\\ggrc_website\\wp-content\\plugins\\wordpress-creation-kit-pro\\wordpress-creation-kit-api\\wck-stp\\stp-pagination-class.php","line":9}

Apr 30 2022 16:55:21
{"type":8192,"message":"Optional parameter $perPage declared before required parameter $currentPage is implicitly treated as a required parameter","file":"C:\\xampp\\htdocs\\ggrc_website\\wp-content\\plugins\\wordpress-creation-kit-pro\\wordpress-creation-kit-api\\wck-stp\\stp-pagination-class.php","line":9}

Apr 30 2022 16:55:26
{"type":8192,"message":"Optional parameter $perPage declared before required parameter $currentPage is implicitly treated as a required parameter","file":"C:\\xampp\\htdocs\\ggrc_website\\wp-content\\plugins\\wordpress-creation-kit-pro\\wordpress-creation-kit-api\\wck-stp\\stp-pagination-class.php","line":9}

Apr 30 2022 16:55:32
{"type":8192,"message":"Optional parameter $perPage declared before required parameter $currentPage is implicitly treated as a required parameter","file":"C:\\xampp\\htdocs\\ggrc_website\\wp-content\\plugins\\wordpress-creation-kit-pro\\wordpress-creation-kit-api\\wck-stp\\stp-pagination-class.php","line":9}

Apr 30 2022 16:55:32
{"type":8192,"message":"Optional parameter $perPage declared before required parameter $currentPage is implicitly treated as a required parameter","file":"C:\\xampp\\htdocs\\ggrc_website\\wp-content\\plugins\\wordpress-creation-kit-pro\\wordpress-creation-kit-api\\wck-stp\\stp-pagination-class.php","line":9}

Apr 30 2022 16:55:38
{"type":8192,"message":"Optional parameter $perPage declared before required parameter $currentPage is implicitly treated as a required parameter","file":"C:\\xampp\\htdocs\\ggrc_website\\wp-content\\plugins\\wordpress-creation-kit-pro\\wordpress-creation-kit-api\\wck-stp\\stp-pagination-class.php","line":9}

Apr 30 2022 16:55:44
{"type":8192,"message":"Optional parameter $perPage declared before required parameter $currentPage is implicitly treated as a required parameter","file":"C:\\xampp\\htdocs\\ggrc_website\\wp-content\\plugins\\wordpress-creation-kit-pro\\wordpress-creation-kit-api\\wck-stp\\stp-pagination-class.php","line":9}

Apr 30 2022 16:55:44
{"type":8192,"message":"Optional parameter $perPage declared before required parameter $currentPage is implicitly treated as a required parameter","file":"C:\\xampp\\htdocs\\ggrc_website\\wp-content\\plugins\\wordpress-creation-kit-pro\\wordpress-creation-kit-api\\wck-stp\\stp-pagination-class.php","line":9}

Apr 30 2022 16:55:50
{"type":8192,"message":"Optional parameter $perPage declared before required parameter $currentPage is implicitly treated as a required parameter","file":"C:\\xampp\\htdocs\\ggrc_website\\wp-content\\plugins\\wordpress-creation-kit-pro\\wordpress-creation-kit-api\\wck-stp\\stp-pagination-class.php","line":9}

Apr 30 2022 16:55:55
{"Number":8192,"Message":"DateTime::__construct(): Passing null to parameter #1 ($datetime) of type string is deprecated","File":"C:\\xampp\\htdocs\\ggrc_website\\wp-content\\plugins\\wpforms-lite\\vendor\\woocommerce\\action-scheduler\\functions.php","Line":272}

Apr 30 2022 16:55:55
{"type":8192,"message":"Optional parameter $perPage declared before required parameter $currentPage is implicitly treated as a required parameter","file":"C:\\xampp\\htdocs\\ggrc_website\\wp-content\\plugins\\wordpress-creation-kit-pro\\wordpress-creation-kit-api\\wck-stp\\stp-pagination-class.php","line":9}

Apr 30 2022 16:55:56
{"Number":8192,"Message":"DateTime::__construct(): Passing null to parameter #1 ($datetime) of type string is deprecated","File":"C:\\xampp\\htdocs\\ggrc_website\\wp-content\\plugins\\wpforms-lite\\vendor\\woocommerce\\action-scheduler\\functions.php","Line":272}

Apr 30 2022 16:55:56
{"type":8192,"message":"Optional parameter $perPage declared before required parameter $currentPage is implicitly treated as a required parameter","file":"C:\\xampp\\htdocs\\ggrc_website\\wp-content\\plugins\\wordpress-creation-kit-pro\\wordpress-creation-kit-api\\wck-stp\\stp-pagination-class.php","line":9}

Apr 30 2022 16:56:01
{"type":8192,"message":"Optional parameter $perPage declared before required parameter $currentPage is implicitly treated as a required parameter","file":"C:\\xampp\\htdocs\\ggrc_website\\wp-content\\plugins\\wordpress-creation-kit-pro\\wordpress-creation-kit-api\\wck-stp\\stp-pagination-class.php","line":9}

Apr 30 2022 16:56:03
{"type":8192,"message":"Optional parameter $perPage declared before required parameter $currentPage is implicitly treated as a required parameter","file":"C:\\xampp\\htdocs\\ggrc_website\\wp-content\\plugins\\wordpress-creation-kit-pro\\wordpress-creation-kit-api\\wck-stp\\stp-pagination-class.php","line":9}

Apr 30 2022 16:56:05
{"type":8192,"message":"Optional parameter $perPage declared before required parameter $currentPage is implicitly treated as a required parameter","file":"C:\\xampp\\htdocs\\ggrc_website\\wp-content\\plugins\\wordpress-creation-kit-pro\\wordpress-creation-kit-api\\wck-stp\\stp-pagination-class.php","line":9}

Apr 30 2022 16:56:06
{"type":8192,"message":"Optional parameter $perPage declared before required parameter $currentPage is implicitly treated as a required parameter","file":"C:\\xampp\\htdocs\\ggrc_website\\wp-content\\plugins\\wordpress-creation-kit-pro\\wordpress-creation-kit-api\\wck-stp\\stp-pagination-class.php","line":9}

Apr 30 2022 16:57:54
{"Number":8192,"Message":"DateTime::__construct(): Passing null to parameter #1 ($datetime) of type string is deprecated","File":"C:\\xampp\\htdocs\\ggrc_website\\wp-content\\plugins\\wpforms-lite\\vendor\\woocommerce\\action-scheduler\\functions.php","Line":272}

Apr 30 2022 16:57:54
{"type":8192,"message":"Optional parameter $perPage declared before required parameter $currentPage is implicitly treated as a required parameter","file":"C:\\xampp\\htdocs\\ggrc_website\\wp-content\\plugins\\wordpress-creation-kit-pro\\wordpress-creation-kit-api\\wck-stp\\stp-pagination-class.php","line":9}

Apr 30 2022 16:57:59
{"type":8192,"message":"Optional parameter $perPage declared before required parameter $currentPage is implicitly treated as a required parameter","file":"C:\\xampp\\htdocs\\ggrc_website\\wp-content\\plugins\\wordpress-creation-kit-pro\\wordpress-creation-kit-api\\wck-stp\\stp-pagination-class.php","line":9}

Apr 30 2022 16:58:04
{"type":8192,"message":"Optional parameter $perPage declared before required parameter $currentPage is implicitly treated as a required parameter","file":"C:\\xampp\\htdocs\\ggrc_website\\wp-content\\plugins\\wordpress-creation-kit-pro\\wordpress-creation-kit-api\\wck-stp\\stp-pagination-class.php","line":9}

Apr 30 2022 16:58:05
{"Number":8192,"Message":"rtrim(): Passing null to parameter #1 ($string) of type string is deprecated","File":"C:\\xampp\\htdocs\\ggrc_website\\wp-includes\\formatting.php","Line":2761}

Apr 30 2022 16:58:05
{"Number":8192,"Message":"rtrim(): Passing null to parameter #1 ($string) of type string is deprecated","File":"C:\\xampp\\htdocs\\ggrc_website\\wp-includes\\formatting.php","Line":2761}

Apr 30 2022 16:58:05
{"Number":8192,"Message":"rtrim(): Passing null to parameter #1 ($string) of type string is deprecated","File":"C:\\xampp\\htdocs\\ggrc_website\\wp-includes\\formatting.php","Line":2761}

Apr 30 2022 16:58:05
{"Number":8192,"Message":"rtrim(): Passing null to parameter #1 ($string) of type string is deprecated","File":"C:\\xampp\\htdocs\\ggrc_website\\wp-includes\\formatting.php","Line":2761}

Apr 30 2022 16:58:05
{"Number":8192,"Message":"rtrim(): Passing null to parameter #1 ($string) of type string is deprecated","File":"C:\\xampp\\htdocs\\ggrc_website\\wp-includes\\formatting.php","Line":2761}

Apr 30 2022 16:58:05
{"Number":8192,"Message":"rtrim(): Passing null to parameter #1 ($string) of type string is deprecated","File":"C:\\xampp\\htdocs\\ggrc_website\\wp-includes\\formatting.php","Line":2761}

Apr 30 2022 16:58:05
{"Number":8192,"Message":"rtrim(): Passing null to parameter #1 ($string) of type string is deprecated","File":"C:\\xampp\\htdocs\\ggrc_website\\wp-includes\\formatting.php","Line":2761}

Apr 30 2022 16:58:05
{"Number":8192,"Message":"rtrim(): Passing null to parameter #1 ($string) of type string is deprecated","File":"C:\\xampp\\htdocs\\ggrc_website\\wp-includes\\formatting.php","Line":2761}

Apr 30 2022 16:58:05
{"Number":8192,"Message":"rtrim(): Passing null to parameter #1 ($string) of type string is deprecated","File":"C:\\xampp\\htdocs\\ggrc_website\\wp-includes\\formatting.php","Line":2761}

Apr 30 2022 16:58:05
{"Number":8192,"Message":"rtrim(): Passing null to parameter #1 ($string) of type string is deprecated","File":"C:\\xampp\\htdocs\\ggrc_website\\wp-includes\\formatting.php","Line":2761}

Apr 30 2022 16:58:05
{"Number":8192,"Message":"rtrim(): Passing null to parameter #1 ($string) of type string is deprecated","File":"C:\\xampp\\htdocs\\ggrc_website\\wp-includes\\formatting.php","Line":2761}

Apr 30 2022 16:58:05
{"Number":8192,"Message":"rtrim(): Passing null to parameter #1 ($string) of type string is deprecated","File":"C:\\xampp\\htdocs\\ggrc_website\\wp-includes\\formatting.php","Line":2761}

Apr 30 2022 16:58:05
{"Number":8192,"Message":"rtrim(): Passing null to parameter #1 ($string) of type string is deprecated","File":"C:\\xampp\\htdocs\\ggrc_website\\wp-includes\\formatting.php","Line":2761}

Apr 30 2022 16:58:05
{"Number":8192,"Message":"rtrim(): Passing null to parameter #1 ($string) of type string is deprecated","File":"C:\\xampp\\htdocs\\ggrc_website\\wp-includes\\formatting.php","Line":2761}

Apr 30 2022 16:58:05
{"Number":8192,"Message":"rtrim(): Passing null to parameter #1 ($string) of type string is deprecated","File":"C:\\xampp\\htdocs\\ggrc_website\\wp-includes\\formatting.php","Line":2761}

Apr 30 2022 16:58:05
{"Number":8192,"Message":"rtrim(): Passing null to parameter #1 ($string) of type string is deprecated","File":"C:\\xampp\\htdocs\\ggrc_website\\wp-includes\\formatting.php","Line":2761}

Apr 30 2022 16:58:05
{"Number":8192,"Message":"rtrim(): Passing null to parameter #1 ($string) of type string is deprecated","File":"C:\\xampp\\htdocs\\ggrc_website\\wp-includes\\formatting.php","Line":2761}

Apr 30 2022 16:58:05
{"Number":8192,"Message":"rtrim(): Passing null to parameter #1 ($string) of type string is deprecated","File":"C:\\xampp\\htdocs\\ggrc_website\\wp-includes\\formatting.php","Line":2761}

Apr 30 2022 16:58:05
{"Number":8192,"Message":"rtrim(): Passing null to parameter #1 ($string) of type string is deprecated","File":"C:\\xampp\\htdocs\\ggrc_website\\wp-includes\\formatting.php","Line":2761}

Apr 30 2022 16:58:05
{"Number":8192,"Message":"rtrim(): Passing null to parameter #1 ($string) of type string is deprecated","File":"C:\\xampp\\htdocs\\ggrc_website\\wp-includes\\formatting.php","Line":2761}

Apr 30 2022 16:58:05
{"Number":8192,"Message":"rtrim(): Passing null to parameter #1 ($string) of type string is deprecated","File":"C:\\xampp\\htdocs\\ggrc_website\\wp-includes\\formatting.php","Line":2761}

Apr 30 2022 16:58:05
{"Number":8192,"Message":"rtrim(): Passing null to parameter #1 ($string) of type string is deprecated","File":"C:\\xampp\\htdocs\\ggrc_website\\wp-includes\\formatting.php","Line":2761}

Apr 30 2022 16:58:05
{"Number":8192,"Message":"rtrim(): Passing null to parameter #1 ($string) of type string is deprecated","File":"C:\\xampp\\htdocs\\ggrc_website\\wp-includes\\formatting.php","Line":2761}

Apr 30 2022 16:58:05
{"Number":8192,"Message":"rtrim(): Passing null to parameter #1 ($string) of type string is deprecated","File":"C:\\xampp\\htdocs\\ggrc_website\\wp-includes\\formatting.php","Line":2761}

Apr 30 2022 16:58:05
{"Number":8192,"Message":"rtrim(): Passing null to parameter #1 ($string) of type string is deprecated","File":"C:\\xampp\\htdocs\\ggrc_website\\wp-includes\\formatting.php","Line":2761}

Apr 30 2022 16:58:05
{"Number":8192,"Message":"rtrim(): Passing null to parameter #1 ($string) of type string is deprecated","File":"C:\\xampp\\htdocs\\ggrc_website\\wp-includes\\formatting.php","Line":2761}

Apr 30 2022 16:58:05
{"Number":8192,"Message":"rtrim(): Passing null to parameter #1 ($string) of type string is deprecated","File":"C:\\xampp\\htdocs\\ggrc_website\\wp-includes\\formatting.php","Line":2761}

Apr 30 2022 16:58:05
{"Number":8192,"Message":"rtrim(): Passing null to parameter #1 ($string) of type string is deprecated","File":"C:\\xampp\\htdocs\\ggrc_website\\wp-includes\\formatting.php","Line":2761}

Apr 30 2022 16:58:05
{"Number":8192,"Message":"rtrim(): Passing null to parameter #1 ($string) of type string is deprecated","File":"C:\\xampp\\htdocs\\ggrc_website\\wp-includes\\formatting.php","Line":2761}

Apr 30 2022 16:58:05
{"Number":8192,"Message":"rtrim(): Passing null to parameter #1 ($string) of type string is deprecated","File":"C:\\xampp\\htdocs\\ggrc_website\\wp-includes\\formatting.php","Line":2761}

Apr 30 2022 16:58:10
{"Number":8192,"Message":"DateTime::__construct(): Passing null to parameter #1 ($datetime) of type string is deprecated","File":"C:\\xampp\\htdocs\\ggrc_website\\wp-content\\plugins\\wpforms-lite\\vendor\\woocommerce\\action-scheduler\\functions.php","Line":272}

Apr 30 2022 16:58:10
{"type":8192,"message":"Optional parameter $perPage declared before required parameter $currentPage is implicitly treated as a required parameter","file":"C:\\xampp\\htdocs\\ggrc_website\\wp-content\\plugins\\wordpress-creation-kit-pro\\wordpress-creation-kit-api\\wck-stp\\stp-pagination-class.php","line":9}

Apr 30 2022 16:58:14
{"type":8192,"message":"Constant FILTER_SANITIZE_STRING is deprecated","file":"C:\\xampp\\htdocs\\ggrc_website\\wp-content\\plugins\\wp-rocket\\inc\\admin\\upgrader.php","line":41}

Apr 30 2022 16:58:15
{"type":8192,"message":"Constant FILTER_SANITIZE_STRING is deprecated","file":"C:\\xampp\\htdocs\\ggrc_website\\wp-content\\plugins\\wp-rocket\\inc\\admin\\upgrader.php","line":41}

